<?xml version="1.0" encoding="UTF-8"?>
<!-- Generated by org.testng.reporters.JUnitReportReporter -->
<testsuite hostname="QT-INNO-LT1384" failures="0" tests="1" name="maven.test.test" time="0.028" errors="0" timestamp="2022-05-11T10:48:46 IST" skipped="0">
  <testcase classname="maven.test.test" name="verifyHomepageTitle" time="0.028"/>
  <system-out/>
</testsuite> <!-- maven.test.test -->
